<?xml version="1.0" encoding="UTF-8"?>
<testng-results ignored="0" total="1" passed="1" failed="0" skipped="0">
  <reporter-output>
  </reporter-output>
  <suite started-at="2022-05-13T01:44:29 IST" name="Default suite" finished-at="2022-05-13T01:44:54 IST" duration-ms="25135">
    <groups>
    </groups>
    <test started-at="2022-05-13T01:44:29 IST" name="Default test" finished-at="2022-05-13T01:44:54 IST" duration-ms="25135">
      <class name="TestCases.TestCases">
        <test-method is-config="true" signature="Setup()[pri:0, instance:TestCases.TestCases@60bd273d]" started-at="2022-05-13T01:44:27 IST" name="Setup" finished-at="2022-05-13T01:44:29 IST" duration-ms="2569" status="PASS">
          <reporter-output>
          </reporter-output>
        </test-method> <!-- Setup -->
        <test-method is-config="true" signature="setUPReport()[pri:0, instance:TestCases.TestCases@60bd273d]" started-at="2022-05-13T01:44:29 IST" name="setUPReport" finished-at="2022-05-13T01:44:29 IST" duration-ms="0" status="PASS">
          <reporter-output>
          </reporter-output>
        </test-method> <!-- setUPReport -->
        <test-method is-config="true" signature="LaunchURL()[pri:0, instance:TestCases.TestCases@60bd273d]" started-at="2022-05-13T01:44:29 IST" name="LaunchURL" finished-at="2022-05-13T01:44:29 IST" duration-ms="1" status="PASS">
          <reporter-output>
          </reporter-output>
        </test-method> <!-- LaunchURL -->
        <test-method is-config="true" signature="URL()[pri:0, instance:TestCases.TestCases@60bd273d]" started-at="2022-05-13T01:44:29 IST" name="URL" finished-at="2022-05-13T01:44:41 IST" duration-ms="11541" status="PASS">
          <reporter-output>
          </reporter-output>
        </test-method> <!-- URL -->
        <test-method signature="dologin(java.lang.String,java.lang.String)[pri:0, instance:TestCases.TestCases@60bd273d]" started-at="2022-05-13T01:44:41 IST" name="dologin" description="Login" data-provider="dataset_login" finished-at="2022-05-13T01:44:54 IST" duration-ms="13458" status="PASS">
          <params>
            <param index="0">
              <value>
                <![CDATA[sandesh.phadatare77@gmail.com]]>
              </value>
            </param>
            <param index="1">
              <value>
                <![CDATA[Bharatmpd@005]]>
              </value>
            </param>
          </params>
          <reporter-output>
          </reporter-output>
        </test-method> <!-- dologin -->
        <test-method is-config="true" signature="getresult()[pri:0, instance:TestCases.TestCases@60bd273d]" started-at="2022-05-13T01:44:54 IST" name="getresult" finished-at="2022-05-13T01:44:54 IST" duration-ms="0" status="PASS">
          <reporter-output>
          </reporter-output>
        </test-method> <!-- getresult -->
        <test-method is-config="true" signature="WindowHandles()[pri:0, instance:TestCases.TestCases@60bd273d]" started-at="2022-05-13T01:44:54 IST" name="WindowHandles" finished-at="2022-05-13T01:44:54 IST" duration-ms="1" status="PASS">
          <reporter-output>
          </reporter-output>
        </test-method> <!-- WindowHandles -->
        <test-method is-config="true" signature="TearDown()[pri:0, instance:TestCases.TestCases@60bd273d]" started-at="2022-05-13T01:44:54 IST" name="TearDown" finished-at="2022-05-13T01:44:55 IST" duration-ms="310" status="PASS">
          <reporter-output>
          </reporter-output>
        </test-method> <!-- TearDown -->
      </class> <!-- TestCases.TestCases -->
    </test> <!-- Default test -->
  </suite> <!-- Default suite -->
</testng-results>
